2025-07-17T06:40:16.905305Z  INFO vector::app: Log level is enabled. level="info"
2025-07-17T06:40:16.909338Z  INFO vector::app: Loading configs. paths=["/etc/vector/vector.yaml"]
2025-07-17T06:40:16.921530Z  INFO source{component_kind="source" component_id=my_source_id component_type=host_metrics}: vector::sources::host_metrics: PROCFS_ROOT is unset. Using default '/proc' for procfs root.
2025-07-17T06:40:16.921632Z  INFO source{component_kind="source" component_id=my_source_id component_type=host_metrics}: vector::sources::host_metrics: SYSFS_ROOT is unset. Using default '/sys' for sysfs root.
2025-07-17T06:40:16.922336Z  INFO vector::topology::running: Running healthchecks.
2025-07-17T06:40:16.922854Z  INFO vector: Vector has started. debug="true" version="0.49.0" arch="x86_64" revision=""
2025-07-17T06:40:16.922846Z  INFO vector::topology::builder: Healthcheck passed.
2025-07-17T06:40:16.922933Z  INFO vector::app: API is disabled, enable by setting `api.enabled` to `true` and use commands like `vector top`.
2025-07-17T06:40:17.155779Z ERROR source{component_kind="source" component_id=my_source_id component_type=host_metrics}: vector::internal_events::host_metrics: Failed to load partitions info. mount_point="/sys/kernel/debug/tracing" error=FFI function "statvfs" call failed: Permission denied (os error 13) error_type="reader_failed" stage="receiving"
2025-07-17T06:40:16.924703801Z host_cgroup_cpu_usage_seconds_total{cgroup="/",collector="cgroups",host="VM-213-174-tencentos"} = 36777.899
2025-07-17T06:40:16.924703801Z host_cgroup_cpu_user_seconds_total{cgroup="/",collector="cgroups",host="VM-213-174-tencentos"} = 17488.889
2025-07-17T06:40:16.924703801Z host_cgroup_cpu_system_seconds_total{cgroup="/",collector="cgroups",host="VM-213-174-tencentos"} = 19289.01
2025-07-17T06:40:16.924703801Z host_cgroup_memory_anon_bytes{cgroup="/",collector="cgroups",host="VM-213-174-tencentos"} = 5731631104
2025-07-17T06:40:16.924703801Z host_cgroup_memory_file_bytes{cgroup="/",collector="cgroups",host="VM-213-174-tencentos"} = 29689167872
2025-07-17T06:40:16.924703801Z host_cgroup_memory_anon_active_bytes{cgroup="/",collector="cgroups",host="VM-213-174-tencentos"} = 5756645376
2025-07-17T06:40:16.924703801Z host_cgroup_memory_anon_inactive_bytes{cgroup="/",collector="cgroups",host="VM-213-174-tencentos"} = 2207744
2025-07-17T06:40:16.924703801Z host_cgroup_memory_file_active_bytes{cgroup="/",collector="cgroups",host="VM-213-174-tencentos"} = 6754996224
2025-07-17T06:40:16.924703801Z host_cgroup_memory_file_inactive_bytes{cgroup="/",collector="cgroups",host="VM-213-174-tencentos"} = 22904893440
2025-07-17T06:40:16.924703801Z host_cgroup_cpu_usage_seconds_total{cgroup="sys-fs-fuse-connections.mount",collector="cgroups",host="VM-213-174-tencentos"} = 0.0037259999999999997
2025-07-17T06:40:16.924703801Z host_cgroup_cpu_user_seconds_total{cgroup="sys-fs-fuse-connections.mount",collector="cgroups",host="VM-213-174-tencentos"} = 0
2025-07-17T06:40:16.924703801Z host_cgroup_cpu_system_seconds_total{cgroup="sys-fs-fuse-connections.mount",collector="cgroups",host="VM-213-174-tencentos"} = 0.0037259999999999997
2025-07-17T06:40:16.924703801Z host_cgroup_memory_current_bytes{cgroup="sys-fs-fuse-connections.mount",collector="cgroups",host="VM-213-174-tencentos"} = 8192
2025-07-17T06:40:16.924703801Z host_cgroup_memory_anon_bytes{cgroup="sys-fs-fuse-connections.mount",collector="cgroups",host="VM-213-174-tencentos"} = 0
2025-07-17T06:40:16.924703801Z host_cgroup_memory_file_bytes{cgroup="sys-fs-fuse-connections.mount",collector="cgroups",host="VM-213-174-tencentos"} = 0
2025-07-17T06:40:16.924703801Z host_cgroup_memory_anon_active_bytes{cgroup="sys-fs-fuse-connections.mount",collector="cgroups",host="VM-213-174-tencentos"} = 0
2025-07-17T06:40:16.924703801Z host_cgroup_memory_anon_inactive_bytes{cgroup="sys-fs-fuse-connections.mount",collector="cgroups",host="VM-213-174-tencentos"} = 0
2025-07-17T06:40:16.924703801Z host_cgroup_memory_file_active_bytes{cgroup="sys-fs-fuse-connections.mount",collector="cgroups",host="VM-213-174-tencentos"} = 0
2025-07-17T06:40:16.924703801Z host_cgroup_memory_file_inactive_bytes{cgroup="sys-fs-fuse-connections.mount",collector="cgroups",host="VM-213-174-tencentos"} = 0
2025-07-17T06:40:16.924703801Z host_cgroup_cpu_usage_seconds_total{cgroup="sys-kernel-config.mount",collector="cgroups",host="VM-213-174-tencentos"} = 0.002029
2025-07-17T06:40:16.924703801Z host_cgroup_cpu_user_seconds_total{cgroup="sys-kernel-config.mount",collector="cgroups",host="VM-213-174-tencentos"} = 0
2025-07-17T06:40:16.924703801Z host_cgroup_cpu_system_seconds_total{cgroup="sys-kernel-config.mount",collector="cgroups",host="VM-213-174-tencentos"} = 0.002029
2025-07-17T06:40:16.924703801Z host_cgroup_memory_current_bytes{cgroup="sys-kernel-config.mount",collector="cgroups",host="VM-213-174-tencentos"} = 4096
2025-07-17T06:40:16.924703801Z host_cgroup_memory_anon_bytes{cgroup="sys-kernel-config.mount",collector="cgroups",host="VM-213-174-tencentos"} = 0
2025-07-17T06:40:16.924703801Z host_cgroup_memory_file_bytes{cgroup="sys-kernel-config.mount",collector="cgroups",host="VM-213-174-tencentos"} = 0
2025-07-17T06:40:16.924703801Z host_cgroup_memory_anon_active_bytes{cgroup="sys-kernel-config.mount",collector="cgroups",host="VM-213-174-tencentos"} = 0
2025-07-17T06:40:16.924703801Z host_cgroup_memory_anon_inactive_bytes{cgroup="sys-kernel-config.mount",collector="cgroups",host="VM-213-174-tencentos"} = 0
2025-07-17T06:40:16.924703801Z host_cgroup_memory_file_active_bytes{cgroup="sys-kernel-config.mount",collector="cgroups",host="VM-213-174-tencentos"} = 0
2025-07-17T06:40:16.924703801Z host_cgroup_memory_file_inactive_bytes{cgroup="sys-kernel-config.mount",collector="cgroups",host="VM-213-174-tencentos"} = 0
2025-07-17T06:40:16.924703801Z host_cgroup_cpu_usage_seconds_total{cgroup="sys-kernel-debug.mount",collector="cgroups",host="VM-213-174-tencentos"} = 0.008719
2025-07-17T06:40:16.924703801Z host_cgroup_cpu_user_seconds_total{cgroup="sys-kernel-debug.mount",collector="cgroups",host="VM-213-174-tencentos"} = 0.0029059999999999997
2025-07-17T06:40:16.924703801Z host_cgroup_cpu_system_seconds_total{cgroup="sys-kernel-debug.mount",collector="cgroups",host="VM-213-174-tencentos"} = 0.005813
2025-07-17T06:40:16.924703801Z host_cgroup_memory_current_bytes{cgroup="sys-kernel-debug.mount",collector="cgroups",host="VM-213-174-tencentos"} = 4096
2025-07-17T06:40:16.924703801Z host_cgroup_memory_anon_bytes{cgroup="sys-kernel-debug.mount",collector="cgroups",host="VM-213-174-tencentos"} = 0
2025-07-17T06:40:16.924703801Z host_cgroup_memory_file_bytes{cgroup="sys-kernel-debug.mount",collector="cgroups",host="VM-213-174-tencentos"} = 0
2025-07-17T06:40:16.924703801Z host_cgroup_memory_anon_active_bytes{cgroup="sys-kernel-debug.mount",collector="cgroups",host="VM-213-174-tencentos"} = 0
2025-07-17T06:40:16.924703801Z host_cgroup_memory_anon_inactive_bytes{cgroup="sys-kernel-debug.mount",collector="cgroups",host="VM-213-174-tencentos"} = 0
2025-07-17T06:40:16.924703801Z host_cgroup_memory_file_active_bytes{cgroup="sys-kernel-debug.mount",collector="cgroups",host="VM-213-174-tencentos"} = 0
2025-07-17T06:40:16.924703801Z host_cgroup_memory_file_inactive_bytes{cgroup="sys-kernel-debug.mount",collector="cgroups",host="VM-213-174-tencentos"} = 0
2025-07-17T06:40:16.924703801Z host_cgroup_cpu_usage_seconds_total{cgroup="onion",collector="cgroups",host="VM-213-174-tencentos"} = 8402.683575
2025-07-17T06:40:16.924703801Z host_cgroup_cpu_user_seconds_total{cgroup="onion",collector="cgroups",host="VM-213-174-tencentos"} = 2089.191308
2025-07-17T06:40:16.924703801Z host_cgroup_cpu_system_seconds_total{cgroup="onion",collector="cgroups",host="VM-213-174-tencentos"} = 6313.492265999999
2025-07-17T06:40:16.924703801Z host_cgroup_memory_current_bytes{cgroup="onion",collector="cgroups",host="VM-213-174-tencentos"} = 524693504
2025-07-17T06:40:16.924703801Z host_cgroup_memory_anon_bytes{cgroup="onion",collector="cgroups",host="VM-213-174-tencentos"} = 157523968
2025-07-17T06:40:16.924703801Z host_cgroup_memory_file_bytes{cgroup="onion",collector="cgroups",host="VM-213-174-tencentos"} = 352362496
2025-07-17T06:40:16.924703801Z host_cgroup_memory_anon_active_bytes{cgroup="onion",collector="cgroups",host="VM-213-174-tencentos"} = 157491200
2025-07-17T06:40:16.924703801Z host_cgroup_memory_anon_inactive_bytes{cgroup="onion",collector="cgroups",host="VM-213-174-tencentos"} = 49152
2025-07-17T06:40:16.924703801Z host_cgroup_memory_file_active_bytes{cgroup="onion",collector="cgroups",host="VM-213-174-tencentos"} = 69201920
2025-07-17T06:40:16.924703801Z host_cgroup_memory_file_inactive_bytes{cgroup="onion",collector="cgroups",host="VM-213-174-tencentos"} = 283144192
2025-07-17T06:40:16.924703801Z host_cgroup_cpu_usage_seconds_total{cgroup="onion/sap1013",collector="cgroups",host="VM-213-174-tencentos"} = 201.490195
2025-07-17T06:40:16.924703801Z host_cgroup_cpu_user_seconds_total{cgroup="onion/sap1013",collector="cgroups",host="VM-213-174-tencentos"} = 87.827561
2025-07-17T06:40:16.924703801Z host_cgroup_cpu_system_seconds_total{cgroup="onion/sap1013",collector="cgroups",host="VM-213-174-tencentos"} = 113.662634
2025-07-17T06:40:16.924703801Z host_cgroup_memory_current_bytes{cgroup="onion/sap1013",collector="cgroups",host="VM-213-174-tencentos"} = 16859136
2025-07-17T06:40:16.924703801Z host_cgroup_memory_anon_bytes{cgroup="onion/sap1013",collector="cgroups",host="VM-213-174-tencentos"} = 2805760
2025-07-17T06:40:16.924703801Z host_cgroup_memory_file_bytes{cgroup="onion/sap1013",collector="cgroups",host="VM-213-174-tencentos"} = 13979648
2025-07-17T06:40:16.924703801Z host_cgroup_memory_anon_active_bytes{cgroup="onion/sap1013",collector="cgroups",host="VM-213-174-tencentos"} = 2805760
2025-07-17T06:40:16.924703801Z host_cgroup_memory_anon_inactive_bytes{cgroup="onion/sap1013",collector="cgroups",host="VM-213-174-tencentos"} = 0
2025-07-17T06:40:16.924703801Z host_cgroup_memory_file_active_bytes{cgroup="onion/sap1013",collector="cgroups",host="VM-213-174-tencentos"} = 7360512
2025-07-17T06:40:16.924703801Z host_cgroup_memory_file_inactive_bytes{cgroup="onion/sap1013",collector="cgroups",host="VM-213-174-tencentos"} = 6619136
2025-07-17T06:40:16.924703801Z host_cgroup_cpu_usage_seconds_total{cgroup="onion/sap1003",collector="cgroups",host="VM-213-174-tencentos"} = 346.064726
2025-07-17T06:40:16.924703801Z host_cgroup_cpu_user_seconds_total{cgroup="onion/sap1003",collector="cgroups",host="VM-213-174-tencentos"} = 40.917986
2025-07-17T06:40:16.924703801Z host_cgroup_cpu_system_seconds_total{cgroup="onion/sap1003",collector="cgroups",host="VM-213-174-tencentos"} = 305.14673899999997
2025-07-17T06:40:16.924703801Z host_cgroup_memory_current_bytes{cgroup="onion/sap1003",collector="cgroups",host="VM-213-174-tencentos"} = 1802240
2025-07-17T06:40:16.924703801Z host_cgroup_memory_anon_bytes{cgroup="onion/sap1003",collector="cgroups",host="VM-213-174-tencentos"} = 4096
2025-07-17T06:40:16.924703801Z host_cgroup_memory_file_bytes{cgroup="onion/sap1003",collector="cgroups",host="VM-213-174-tencentos"} = 1785856
2025-07-17T06:40:16.924703801Z host_cgroup_memory_anon_active_bytes{cgroup="onion/sap1003",collector="cgroups",host="VM-213-174-tencentos"} = 4096
2025-07-17T06:40:16.924703801Z host_cgroup_memory_anon_inactive_bytes{cgroup="onion/sap1003",collector="cgroups",host="VM-213-174-tencentos"} = 0
2025-07-17T06:40:16.924703801Z host_cgroup_memory_file_active_bytes{cgroup="onion/sap1003",collector="cgroups",host="VM-213-174-tencentos"} = 0
2025-07-17T06:40:16.924703801Z host_cgroup_memory_file_inactive_bytes{cgroup="onion/sap1003",collector="cgroups",host="VM-213-174-tencentos"} = 1785856
2025-07-17T06:40:16.924703801Z host_cgroup_cpu_usage_seconds_total{cgroup="onion/sap1001",collector="cgroups",host="VM-213-174-tencentos"} = 822.767198
2025-07-17T06:40:16.924703801Z host_cgroup_cpu_user_seconds_total{cgroup="onion/sap1001",collector="cgroups",host="VM-213-174-tencentos"} = 599.422609
2025-07-17T06:40:16.924703801Z host_cgroup_cpu_system_seconds_total{cgroup="onion/sap1001",collector="cgroups",host="VM-213-174-tencentos"} = 223.34458899999998
2025-07-17T06:40:16.924703801Z host_cgroup_memory_current_bytes{cgroup="onion/sap1001",collector="cgroups",host="VM-213-174-tencentos"} = 55681024
2025-07-17T06:40:16.924703801Z host_cgroup_memory_anon_bytes{cgroup="onion/sap1001",collector="cgroups",host="VM-213-174-tencentos"} = 4087808
2025-07-17T06:40:16.924703801Z host_cgroup_memory_file_bytes{cgroup="onion/sap1001",collector="cgroups",host="VM-213-174-tencentos"} = 51367936
2025-07-17T06:40:16.924703801Z host_cgroup_memory_anon_active_bytes{cgroup="onion/sap1001",collector="cgroups",host="VM-213-174-tencentos"} = 4087808
2025-07-17T06:40:16.924703801Z host_cgroup_memory_anon_inactive_bytes{cgroup="onion/sap1001",collector="cgroups",host="VM-213-174-tencentos"} = 0
2025-07-17T06:40:16.924703801Z host_cgroup_memory_file_active_bytes{cgroup="onion/sap1001",collector="cgroups",host="VM-213-174-tencentos"} = 45449216
2025-07-17T06:40:16.924703801Z host_cgroup_memory_file_inactive_bytes{cgroup="onion/sap1001",collector="cgroups",host="VM-213-174-tencentos"} = 5918720
2025-07-17T06:40:16.924703801Z host_cgroup_cpu_usage_seconds_total{cgroup="onion/sap1008",collector="cgroups",host="VM-213-174-tencentos"} = 1715.0435679999998
2025-07-17T06:40:16.924703801Z host_cgroup_cpu_user_seconds_total{cgroup="onion/sap1008",collector="cgroups",host="VM-213-174-tencentos"} = 735.620895
2025-07-17T06:40:16.924703801Z host_cgroup_cpu_system_seconds_total{cgroup="onion/sap1008",collector="cgroups",host="VM-213-174-tencentos"} = 979.4226719999999
2025-07-17T06:40:16.924703801Z host_cgroup_memory_current_bytes{cgroup="onion/sap1008",collector="cgroups",host="VM-213-174-tencentos"} = 12988416
2025-07-17T06:40:16.924703801Z host_cgroup_memory_anon_bytes{cgroup="onion/sap1008",collector="cgroups",host="VM-213-174-tencentos"} = 7106560
2025-07-17T06:40:16.924703801Z host_cgroup_memory_file_bytes{cgroup="onion/sap1008",collector="cgroups",host="VM-213-174-tencentos"} = 5844992
2025-07-17T06:40:16.924703801Z host_cgroup_memory_anon_active_bytes{cgroup="onion/sap1008",collector="cgroups",host="VM-213-174-tencentos"} = 7106560
2025-07-17T06:40:16.924703801Z host_cgroup_memory_anon_inactive_bytes{cgroup="onion/sap1008",collector="cgroups",host="VM-213-174-tencentos"} = 0
2025-07-17T06:40:16.924703801Z host_cgroup_memory_file_active_bytes{cgroup="onion/sap1008",collector="cgroups",host="VM-213-174-tencentos"} = 0
2025-07-17T06:40:16.924703801Z host_cgroup_memory_file_inactive_bytes{cgroup="onion/sap1008",collector="cgroups",host="VM-213-174-tencentos"} = 5844992
2025-07-17T06:40:16.924703801Z host_cgroup_cpu_usage_seconds_total{cgroup="onion/sap1006",collector="cgroups",host="VM-213-174-tencentos"} = 147.077993
2025-07-17T06:40:16.924703801Z host_cgroup_cpu_user_seconds_total{cgroup="onion/sap1006",collector="cgroups",host="VM-213-174-tencentos"} = 54.748275
